<?xml version="1.0" encoding="UTF-8"?>
<!-- Generated by org.testng.reporters.JUnitReportReporter -->
<testsuite hostname="ADCIN2418" failures="0" tests="1" name="io.testing.tables.datatables.Cprun" time="42.436" errors="0" timestamp="2025-01-20T17:24:53 IST" skipped="0">
  <testcase classname="io.testing.tables.datatables.Cprun" name="runScenario" time="42.436"/>
  <system-out/>
</testsuite> <!-- io.testing.tables.datatables.Cprun -->
