<?xml version="1.0" encoding="UTF-8"?>
<!-- Generated by org.testng.reporters.JUnitReportReporter -->
<testsuite hostname="ADCIN2418" failures="0" tests="1" name="io.testing.tables.datatables.Createrisklevelrun" time="41.728" errors="0" timestamp="2025-01-20T11:55:50 IST" skipped="0">
  <testcase classname="io.testing.tables.datatables.Createrisklevelrun" name="runScenario" time="41.728"/>
  <system-out/>
</testsuite> <!-- io.testing.tables.datatables.Createrisklevelrun -->
