<?xml version="1.0" encoding="UTF-8"?>
<!-- Generated by org.testng.reporters.JUnitReportReporter -->
<testsuite hostname="ADCIN2418" failures="0" tests="1" name="io.testing.tables.datatables.Securityclassificationrun" time="47.521" errors="0" timestamp="2025-01-09T15:09:29 IST" skipped="0">
  <testcase classname="io.testing.tables.datatables.Securityclassificationrun" name="runScenario" time="47.521"/>
  <system-out/>
</testsuite> <!-- io.testing.tables.datatables.Securityclassificationrun -->
