<?xml version="1.0" encoding="UTF-8"?>
<!-- Generated by org.testng.reporters.JUnitReportReporter -->
<testsuite hostname="ADCIN2418" failures="0" tests="1" name="io.testing.tables.datatables.CIArun" time="117.062" errors="0" timestamp="2025-01-10T11:15:05 IST" skipped="0">
  <testcase classname="io.testing.tables.datatables.CIArun" name="runScenario" time="117.062"/>
  <system-out/>
</testsuite> <!-- io.testing.tables.datatables.CIArun -->
