<?xml version="1.0" encoding="UTF-8"?>
<!-- Generated by org.testng.reporters.JUnitReportReporter -->
<testsuite hostname="ADCIN2418" failures="0" tests="1" name="io.testing.tables.datatables.Fprun" time="44.703" errors="0" timestamp="2025-03-06T12:23:26 IST" skipped="0">
  <testcase classname="io.testing.tables.datatables.Fprun" name="runScenario" time="44.703"/>
  <system-out/>
</testsuite> <!-- io.testing.tables.datatables.Fprun -->
