<?xml version="1.0" encoding="UTF-8"?>
<!-- Generated by org.testng.reporters.JUnitReportReporter -->
<testsuite hostname="ADCIN2418" failures="0" tests="1" name="io.testing.tables.datatables.Curun" time="63.561" errors="0" timestamp="2024-09-10T14:56:46 IST" skipped="0">
  <testcase classname="io.testing.tables.datatables.Curun" name="runScenario" time="63.561"/>
  <system-out/>
</testsuite> <!-- io.testing.tables.datatables.Curun -->
