<?xml version="1.0" encoding="UTF-8"?>
<!-- Generated by org.testng.reporters.JUnitReportReporter -->
<testsuite hostname="ADCIN2418" failures="0" tests="1" name="io.testing.tables.datatables.Cqrun" time="71.438" errors="0" timestamp="2025-01-21T14:49:50 IST" skipped="0">
  <testcase classname="io.testing.tables.datatables.Cqrun" name="runScenario" time="71.438"/>
  <system-out/>
</testsuite> <!-- io.testing.tables.datatables.Cqrun -->
