<?xml version="1.0" encoding="UTF-8"?>
<!-- Generated by org.testng.reporters.JUnitReportReporter -->
<testsuite hostname="ADCIN2418" failures="0" tests="1" name="io.testing.tables.datatables.Ctprun" time="60.318" errors="0" timestamp="2024-09-13T18:45:13 IST" skipped="0">
  <testcase classname="io.testing.tables.datatables.Ctprun" name="runScenario" time="60.318"/>
  <system-out/>
</testsuite> <!-- io.testing.tables.datatables.Ctprun -->
