<?xml version="1.0" encoding="UTF-8"?>
<!-- Generated by org.testng.reporters.JUnitReportReporter -->
<testsuite hostname="ADCIN2418" failures="0" tests="1" name="io.testing.tables.datatables.Cprun" time="72.843" errors="0" timestamp="2024-11-27T11:00:07 IST" skipped="0">
  <testcase classname="io.testing.tables.datatables.Cprun" name="runScenario" time="72.843"/>
  <system-out/>
</testsuite> <!-- io.testing.tables.datatables.Cprun -->
